Using pre-set license
Built from '2021.1/staging' branch; Version is '2021.1.24f1 (6667702a1e7c) revision 6711152'; Using compiler version '192528614'; Build Type 'Release'
OS: 'Windows 10 Pro; OS build 19043.1348; Version 2009; 64bit' Language: 'en' Physical Memory: 16317 MB
BatchMode: 1, IsHumanControllingUs: 0, StartBugReporterOnCrash: 0, Is64bit: 1, IsPro: 0

COMMAND LINE ARGUMENTS:
S:\Unity\2020.3\2021.1.24f1\Editor\Unity.exe
-adb2
-batchMode
-noUpm
-name
AssetImportWorker0
-projectPath
F:/_UnityCodePatternWorks/CodePatternProject
-logFile
Logs/AssetImportWorker0.log
-srvPort
58041
Successfully changed project path to: F:/_UnityCodePatternWorks/CodePatternProject
F:/_UnityCodePatternWorks/CodePatternProject
Using Asset Import Pipeline V2.
Refreshing native plugins compatible for Editor in 81.44 ms, found 3 plugins.
Preloading 0 native plugins for Editor in 0.00 ms.
Initialize engine version: 2021.1.24f1 (6667702a1e7c)
[Subsystems] Discovering subsystems at path S:/Unity/2020.3/2021.1.24f1/Editor/Data/Resources/UnitySubsystems
[Subsystems] Discovering subsystems at path F:/_UnityCodePatternWorks/CodePatternProject/Assets
GfxDevice: creating device client; threaded=0; jobified=0
Direct3D:
    Version:  Direct3D 11.0 [level 11.1]
    Renderer: NVIDIA GeForce RTX 2060 (ID=0x1f08)
    Vendor:   NVIDIA
    VRAM:     5980 MB
    Driver:   27.21.14.5671
Initialize mono
Mono path[0] = 'S:/Unity/2020.3/2021.1.24f1/Editor/Data/Managed'
Mono path[1] = 'S:/Unity/2020.3/2021.1.24f1/Editor/Data/MonoBleedingEdge/lib/mono/unityjit'
Mono config path = 'S:/Unity/2020.3/2021.1.24f1/Editor/Data/MonoBleedingEdge/etc'
Using monoOptions --debugger-agent=transport=dt_socket,embedding=1,server=y,suspend=n,address=127.0.0.1:56672
Begin MonoManager ReloadAssembly
Registering precompiled unity dll's ...
Register platform support module: S:/Unity/2020.3/2021.1.24f1/Editor/Data/PlaybackEngines/WebGLSupport/UnityEditor.WebGL.Extensions.dll
Register platform support module: S:/Unity/2020.3/2021.1.24f1/Editor/Data/PlaybackEngines/WindowsStandaloneSupport/UnityEditor.WindowsStandalone.Extensions.dll
Registered in 0.001212 seconds.
Native extension for WindowsStandalone target not found
Native extension for WebGL target not found
Refreshing native plugins compatible for Editor in 80.99 ms, found 3 plugins.
Preloading 0 native plugins for Editor in 0.00 ms.
Mono: successfully reloaded assembly
- Completed reload, in  1.991 seconds
Domain Reload Profiling:
	ReloadAssembly (1992ms)
		BeginReloadAssembly (56ms)
			ExecutionOrderSort (0ms)
			DisableScriptedObjects (0ms)
			BackupInstance (0ms)
			ReleaseScriptingObjects (0ms)
			CreateAndSetChildDomain (1ms)
		EndReloadAssembly (459ms)
			LoadAssemblies (55ms)
			RebuildTransferFunctionScriptingTraits (0ms)
			SetupTypeCache (158ms)
			ReleaseScriptCaches (0ms)
			RebuildScriptCaches (33ms)
			SetupLoadedEditorAssemblies (224ms)
				LogAssemblyErrors (0ms)
				InitializePlatformSupportModulesInManaged (6ms)
				SetLoadedEditorAssemblies (0ms)
				RefreshPlugins (81ms)
				BeforeProcessingInitializeOnLoad (2ms)
				ProcessInitializeOnLoadAttributes (104ms)
				ProcessInitializeOnLoadMethodAttributes (31ms)
				AfterProcessingInitializeOnLoad (0ms)
				EditorAssembliesLoaded (0ms)
			ExecutionOrderSort2 (0ms)
			AwakeInstancesAfterBackupRestoration (0ms)
Platform modules already initialized, skipping
Registering precompiled user dll's ...
Registered in 0.003231 seconds.
Begin MonoManager ReloadAssembly
Symbol file LoadedFromMemory doesn't match image F:\_UnityCodePatternWorks\CodePatternProject\Library\PackageCache\com.unity.visualscripting@1.6.1\Editor\VisualScripting.Core\Dependencies\YamlDotNet\Unity.VisualScripting.YamlDotNet.dll
Symbol file LoadedFromMemory doesn't match image F:\_UnityCodePatternWorks\CodePatternProject\Library\PackageCache\com.unity.visualscripting@1.6.1\Editor\VisualScripting.Core\Dependencies\DotNetZip\Unity.VisualScripting.IonicZip.dll
Native extension for WindowsStandalone target not found
Native extension for WebGL target not found
Refreshing native plugins compatible for Editor in 0.77 ms, found 3 plugins.
Preloading 0 native plugins for Editor in 0.00 ms.
Mono: successfully reloaded assembly
- Completed reload, in  1.055 seconds
Domain Reload Profiling:
	ReloadAssembly (1055ms)
		BeginReloadAssembly (147ms)
			ExecutionOrderSort (0ms)
			DisableScriptedObjects (5ms)
			BackupInstance (0ms)
			ReleaseScriptingObjects (0ms)
			CreateAndSetChildDomain (20ms)
		EndReloadAssembly (857ms)
			LoadAssemblies (85ms)
			RebuildTransferFunctionScriptingTraits (0ms)
			SetupTypeCache (318ms)
			ReleaseScriptCaches (1ms)
			RebuildScriptCaches (52ms)
			SetupLoadedEditorAssemblies (314ms)
				LogAssemblyErrors (0ms)
				InitializePlatformSupportModulesInManaged (6ms)
				SetLoadedEditorAssemblies (0ms)
				RefreshPlugins (1ms)
				BeforeProcessingInitializeOnLoad (67ms)
				ProcessInitializeOnLoadAttributes (230ms)
				ProcessInitializeOnLoadMethodAttributes (4ms)
				AfterProcessingInitializeOnLoad (4ms)
				EditorAssembliesLoaded (0ms)
			ExecutionOrderSort2 (0ms)
			AwakeInstancesAfterBackupRestoration (7ms)
Platform modules already initialized, skipping
========================================================================
Worker process is ready to serve import requests
Launched and connected shader compiler UnityShaderCompiler.exe after 0.08 seconds
Refreshing native plugins compatible for Editor in 0.50 ms, found 3 plugins.
Preloading 0 native plugins for Editor in 0.00 ms.
Unloading 2970 Unused Serialized files (Serialized files now loaded: 0)
System memory in use before: 106.3 MB.
System memory in use after: 106.5 MB.

Unloading 20 unused Assets to reduce memory usage. Loaded Objects now: 3416.
Total: 2.740100 ms (FindLiveObjects: 0.209300 ms CreateObjectMapping: 0.135500 ms MarkObjects: 2.339200 ms  DeleteObjects: 0.055200 ms)

AssetImportParameters requested are different than current active one (requested -> active):
  custom:framework-win-MediaFoundation: 216162199b28c13a410421893ffa2e32 -> 
  custom:video-decoder-ogg-theora: a1e56fd34408186e4bbccfd4996cb3dc -> 
  custom:container-muxer-webm: aa71ff27fc2769a1b78a27578f13a17b -> 
  custom:container-demuxer-webm: 4f35f7cbe854078d1ac9338744f61a02 -> 
  custom:container-demuxer-ogg: 62fdf1f143b41e24485cea50d1cbac27 -> 
  custom:video-encoder-webm-vp8: eb34c28f22e8b96e1ab97ce403110664 -> 
  custom:video-decoder-webm-vp8: 9c59270c3fd7afecdb556c50c9e8de78 -> 
  custom:audio-decoder-ogg-vorbis: bf7c407c2cedff20999df2af8eb42d56 -> 
  custom:audio-encoder-webm-vorbis: bf7c407c2cedff20999df2af8eb42d56 -> 
========================================================================
Received Import Request.
  path: Assets/Scripts/FiniteStateMachineExample
  artifactKey: Guid(26ff04f31bd75ca4788d910637222b3f) Importer(815301076,1909f56bfc062723c751e8b465ee728b)
Start importing Assets/Scripts/FiniteStateMachineExample using Guid(26ff04f31bd75ca4788d910637222b3f) Importer(815301076,1909f56bfc062723c751e8b465ee728b)  -> (artifact id: '5405292223720d20f640ba1554a12c71') in 0.009189 seconds 
========================================================================
Received Import Request.
  Time since last request: 21.501227 seconds.
  path: Assets/Scenes/StateMachinePattern_Scene.unity
  artifactKey: Guid(91d1b644b8627554c9fa40819c9b9660) Importer(815301076,1909f56bfc062723c751e8b465ee728b)
Start importing Assets/Scenes/StateMachinePattern_Scene.unity using Guid(91d1b644b8627554c9fa40819c9b9660) Importer(815301076,1909f56bfc062723c751e8b465ee728b)  -> (artifact id: '544bb637cb97f7a6a0fcc4f6c0fde1b4') in 0.014797 seconds 
========================================================================
Received Import Request.
  Time since last request: 24.300336 seconds.
  path: Assets/Scripts/FiniteStateMachineExample/IState.cs
  artifactKey: Guid(8d75ad1cf56f6e24a8155b349d3fa81b) Importer(815301076,1909f56bfc062723c751e8b465ee728b)
Start importing Assets/Scripts/FiniteStateMachineExample/IState.cs using Guid(8d75ad1cf56f6e24a8155b349d3fa81b) Importer(815301076,1909f56bfc062723c751e8b465ee728b)  -> (artifact id: '5ef1fcb5e2511d48fb80e13c93eaf74f') in 0.044586 seconds 
========================================================================
Received Prepare
Registering precompiled user dll's ...
Registered in 0.004272 seconds.
Begin MonoManager ReloadAssembly
Symbol file LoadedFromMemory doesn't match image F:\_UnityCodePatternWorks\CodePatternProject\Library\PackageCache\com.unity.visualscripting@1.6.1\Editor\VisualScripting.Core\Dependencies\YamlDotNet\Unity.VisualScripting.YamlDotNet.dll
Symbol file LoadedFromMemory doesn't match image F:\_UnityCodePatternWorks\CodePatternProject\Library\PackageCache\com.unity.visualscripting@1.6.1\Editor\VisualScripting.Core\Dependencies\DotNetZip\Unity.VisualScripting.IonicZip.dll
Native extension for WindowsStandalone target not found
Native extension for WebGL target not found
Refreshing native plugins compatible for Editor in 0.52 ms, found 3 plugins.
Preloading 0 native plugins for Editor in 0.00 ms.
Mono: successfully reloaded assembly
- Completed reload, in  1.237 seconds
Domain Reload Profiling:
	ReloadAssembly (1238ms)
		BeginReloadAssembly (119ms)
			ExecutionOrderSort (0ms)
			DisableScriptedObjects (6ms)
			BackupInstance (0ms)
			ReleaseScriptingObjects (0ms)
			CreateAndSetChildDomain (36ms)
		EndReloadAssembly (1065ms)
			LoadAssemblies (94ms)
			RebuildTransferFunctionScriptingTraits (0ms)
			SetupTypeCache (497ms)
			ReleaseScriptCaches (1ms)
			RebuildScriptCaches (52ms)
			SetupLoadedEditorAssemblies (304ms)
				LogAssemblyErrors (0ms)
				InitializePlatformSupportModulesInManaged (6ms)
				SetLoadedEditorAssemblies (0ms)
				RefreshPlugins (1ms)
				BeforeProcessingInitializeOnLoad (59ms)
				ProcessInitializeOnLoadAttributes (232ms)
				ProcessInitializeOnLoadMethodAttributes (4ms)
				AfterProcessingInitializeOnLoad (2ms)
				EditorAssembliesLoaded (0ms)
			ExecutionOrderSort2 (0ms)
			AwakeInstancesAfterBackupRestoration (9ms)
Platform modules already initialized, skipping
Switching build target platform(19) subTarget(0) extendedPlatform(0) -> platform(13) subTarget(537395200) extendedPlatform(0)
Refreshing native plugins compatible for Editor in 0.52 ms, found 3 plugins.
Preloading 0 native plugins for Editor in 0.00 ms.
Unloading 2968 Unused Serialized files (Serialized files now loaded: 0)
System memory in use before: 106.2 MB.
System memory in use after: 106.4 MB.

Unloading 15 unused Assets to reduce memory usage. Loaded Objects now: 3419.
Total: 3.358300 ms (FindLiveObjects: 0.263300 ms CreateObjectMapping: 0.171500 ms MarkObjects: 2.898400 ms  DeleteObjects: 0.023800 ms)

AssetImportParameters requested are different than current active one (requested -> active):
  custom:framework-win-MediaFoundation: 216162199b28c13a410421893ffa2e32 -> 
  custom:video-decoder-ogg-theora: a1e56fd34408186e4bbccfd4996cb3dc -> 
  custom:container-muxer-webm: aa71ff27fc2769a1b78a27578f13a17b -> 
  custom:container-demuxer-webm: 4f35f7cbe854078d1ac9338744f61a02 -> 
  custom:container-demuxer-ogg: 62fdf1f143b41e24485cea50d1cbac27 -> 
  custom:video-encoder-webm-vp8: eb34c28f22e8b96e1ab97ce403110664 -> 
  custom:video-decoder-webm-vp8: 9c59270c3fd7afecdb556c50c9e8de78 -> 
  custom:graphics/normal-map-encoding: 01000000000000000000000000000000 -> 02000000000000000000000000000000
  custom:audio-decoder-ogg-vorbis: bf7c407c2cedff20999df2af8eb42d56 -> 
  custom:audio-encoder-webm-vorbis: bf7c407c2cedff20999df2af8eb42d56 -> 
========================================================================
Received Import Request.
  Time since last request: 55.814383 seconds.
  path: Assets/Scripts/FiniteStateMachineExample/IState.cs
  artifactKey: Guid(8d75ad1cf56f6e24a8155b349d3fa81b) Importer(815301076,1909f56bfc062723c751e8b465ee728b)
Start importing Assets/Scripts/FiniteStateMachineExample/IState.cs using Guid(8d75ad1cf56f6e24a8155b349d3fa81b) Importer(815301076,1909f56bfc062723c751e8b465ee728b)  -> (artifact id: '09b07dd65f41a1ab227adeaf64ed516c') in 0.005454 seconds 
========================================================================
Received Prepare
Registering precompiled user dll's ...
Registered in 0.003438 seconds.
Begin MonoManager ReloadAssembly
Symbol file LoadedFromMemory doesn't match image F:\_UnityCodePatternWorks\CodePatternProject\Library\PackageCache\com.unity.visualscripting@1.6.1\Editor\VisualScripting.Core\Dependencies\YamlDotNet\Unity.VisualScripting.YamlDotNet.dll
Symbol file LoadedFromMemory doesn't match image F:\_UnityCodePatternWorks\CodePatternProject\Library\PackageCache\com.unity.visualscripting@1.6.1\Editor\VisualScripting.Core\Dependencies\DotNetZip\Unity.VisualScripting.IonicZip.dll
Native extension for WindowsStandalone target not found
Native extension for WebGL target not found
Refreshing native plugins compatible for Editor in 0.55 ms, found 3 plugins.
Preloading 0 native plugins for Editor in 0.00 ms.
Mono: successfully reloaded assembly
- Completed reload, in  0.988 seconds
Domain Reload Profiling:
	ReloadAssembly (989ms)
		BeginReloadAssembly (113ms)
			ExecutionOrderSort (0ms)
			DisableScriptedObjects (5ms)
			BackupInstance (0ms)
			ReleaseScriptingObjects (0ms)
			CreateAndSetChildDomain (36ms)
		EndReloadAssembly (817ms)
			LoadAssemblies (84ms)
			RebuildTransferFunctionScriptingTraits (0ms)
			SetupTypeCache (317ms)
			ReleaseScriptCaches (1ms)
			RebuildScriptCaches (45ms)
			SetupLoadedEditorAssemblies (277ms)
				LogAssemblyErrors (0ms)
				InitializePlatformSupportModulesInManaged (5ms)
				SetLoadedEditorAssemblies (1ms)
				RefreshPlugins (1ms)
				BeforeProcessingInitializeOnLoad (50ms)
				ProcessInitializeOnLoadAttributes (215ms)
				ProcessInitializeOnLoadMethodAttributes (4ms)
				AfterProcessingInitializeOnLoad (2ms)
				EditorAssembliesLoaded (0ms)
			ExecutionOrderSort2 (0ms)
			AwakeInstancesAfterBackupRestoration (7ms)
Platform modules already initialized, skipping
Switching build target platform(19) subTarget(0) extendedPlatform(0) -> platform(13) subTarget(537395200) extendedPlatform(0)
Refreshing native plugins compatible for Editor in 0.49 ms, found 3 plugins.
Preloading 0 native plugins for Editor in 0.00 ms.
Unloading 2968 Unused Serialized files (Serialized files now loaded: 0)
System memory in use before: 106.2 MB.
System memory in use after: 106.4 MB.

Unloading 15 unused Assets to reduce memory usage. Loaded Objects now: 3421.
Total: 2.918200 ms (FindLiveObjects: 0.188600 ms CreateObjectMapping: 0.118200 ms MarkObjects: 2.592900 ms  DeleteObjects: 0.017900 ms)

AssetImportParameters requested are different than current active one (requested -> active):
  custom:framework-win-MediaFoundation: 216162199b28c13a410421893ffa2e32 -> 
  custom:video-decoder-ogg-theora: a1e56fd34408186e4bbccfd4996cb3dc -> 
  custom:container-muxer-webm: aa71ff27fc2769a1b78a27578f13a17b -> 
  custom:container-demuxer-webm: 4f35f7cbe854078d1ac9338744f61a02 -> 
  custom:container-demuxer-ogg: 62fdf1f143b41e24485cea50d1cbac27 -> 
  custom:video-encoder-webm-vp8: eb34c28f22e8b96e1ab97ce403110664 -> 
  custom:video-decoder-webm-vp8: 9c59270c3fd7afecdb556c50c9e8de78 -> 
  custom:graphics/normal-map-encoding: 01000000000000000000000000000000 -> 02000000000000000000000000000000
  custom:audio-decoder-ogg-vorbis: bf7c407c2cedff20999df2af8eb42d56 -> 
  custom:audio-encoder-webm-vorbis: bf7c407c2cedff20999df2af8eb42d56 -> 
========================================================================
Received Prepare
Registering precompiled user dll's ...
Registered in 0.003073 seconds.
Begin MonoManager ReloadAssembly
Symbol file LoadedFromMemory doesn't match image F:\_UnityCodePatternWorks\CodePatternProject\Library\PackageCache\com.unity.visualscripting@1.6.1\Editor\VisualScripting.Core\Dependencies\YamlDotNet\Unity.VisualScripting.YamlDotNet.dll
Symbol file LoadedFromMemory doesn't match image F:\_UnityCodePatternWorks\CodePatternProject\Library\PackageCache\com.unity.visualscripting@1.6.1\Editor\VisualScripting.Core\Dependencies\DotNetZip\Unity.VisualScripting.IonicZip.dll
Native extension for WindowsStandalone target not found
Native extension for WebGL target not found
Refreshing native plugins compatible for Editor in 0.51 ms, found 3 plugins.
Preloading 0 native plugins for Editor in 0.00 ms.
Mono: successfully reloaded assembly
- Completed reload, in  1.051 seconds
Domain Reload Profiling:
	ReloadAssembly (1052ms)
		BeginReloadAssembly (117ms)
			ExecutionOrderSort (0ms)
			DisableScriptedObjects (5ms)
			BackupInstance (0ms)
			ReleaseScriptingObjects (0ms)
			CreateAndSetChildDomain (35ms)
		EndReloadAssembly (879ms)
			LoadAssemblies (83ms)
			RebuildTransferFunctionScriptingTraits (0ms)
			SetupTypeCache (323ms)
			ReleaseScriptCaches (1ms)
			RebuildScriptCaches (88ms)
			SetupLoadedEditorAssemblies (285ms)
				LogAssemblyErrors (0ms)
				InitializePlatformSupportModulesInManaged (5ms)
				SetLoadedEditorAssemblies (0ms)
				RefreshPlugins (1ms)
				BeforeProcessingInitializeOnLoad (50ms)
				ProcessInitializeOnLoadAttributes (223ms)
				ProcessInitializeOnLoadMethodAttributes (4ms)
				AfterProcessingInitializeOnLoad (2ms)
				EditorAssembliesLoaded (0ms)
			ExecutionOrderSort2 (0ms)
			AwakeInstancesAfterBackupRestoration (8ms)
Platform modules already initialized, skipping
Switching build target platform(19) subTarget(0) extendedPlatform(0) -> platform(13) subTarget(537395200) extendedPlatform(0)
Refreshing native plugins compatible for Editor in 0.51 ms, found 3 plugins.
Preloading 0 native plugins for Editor in 0.00 ms.
Unloading 2968 Unused Serialized files (Serialized files now loaded: 0)
System memory in use before: 106.2 MB.
System memory in use after: 106.5 MB.

Unloading 15 unused Assets to reduce memory usage. Loaded Objects now: 3423.
Total: 2.861600 ms (FindLiveObjects: 0.196800 ms CreateObjectMapping: 0.136600 ms MarkObjects: 2.512100 ms  DeleteObjects: 0.015100 ms)

AssetImportParameters requested are different than current active one (requested -> active):
  custom:framework-win-MediaFoundation: 216162199b28c13a410421893ffa2e32 -> 
  custom:video-decoder-ogg-theora: a1e56fd34408186e4bbccfd4996cb3dc -> 
  custom:container-muxer-webm: aa71ff27fc2769a1b78a27578f13a17b -> 
  custom:container-demuxer-webm: 4f35f7cbe854078d1ac9338744f61a02 -> 
  custom:container-demuxer-ogg: 62fdf1f143b41e24485cea50d1cbac27 -> 
  custom:video-encoder-webm-vp8: eb34c28f22e8b96e1ab97ce403110664 -> 
  custom:video-decoder-webm-vp8: 9c59270c3fd7afecdb556c50c9e8de78 -> 
  custom:graphics/normal-map-encoding: 01000000000000000000000000000000 -> 02000000000000000000000000000000
  custom:audio-decoder-ogg-vorbis: bf7c407c2cedff20999df2af8eb42d56 -> 
  custom:audio-encoder-webm-vorbis: bf7c407c2cedff20999df2af8eb42d56 -> 
========================================================================
Received Import Request.
  Time since last request: 167.474131 seconds.
  path: Assets/Scripts/StateMachineExample/Reuseable
  artifactKey: Guid(d45303f73f9aa804b9bffd53b3641ca6) Importer(815301076,1909f56bfc062723c751e8b465ee728b)
Start importing Assets/Scripts/StateMachineExample/Reuseable using Guid(d45303f73f9aa804b9bffd53b3641ca6) Importer(815301076,1909f56bfc062723c751e8b465ee728b)  -> (artifact id: '75110cb08c57066b398b10c9e4b4477e') in 0.008268 seconds 
========================================================================
Received Prepare
Registering precompiled user dll's ...
Registered in 0.003401 seconds.
Begin MonoManager ReloadAssembly
Symbol file LoadedFromMemory doesn't match image F:\_UnityCodePatternWorks\CodePatternProject\Library\PackageCache\com.unity.visualscripting@1.6.1\Editor\VisualScripting.Core\Dependencies\YamlDotNet\Unity.VisualScripting.YamlDotNet.dll
Symbol file LoadedFromMemory doesn't match image F:\_UnityCodePatternWorks\CodePatternProject\Library\PackageCache\com.unity.visualscripting@1.6.1\Editor\VisualScripting.Core\Dependencies\DotNetZip\Unity.VisualScripting.IonicZip.dll
Native extension for WindowsStandalone target not found
Native extension for WebGL target not found
Refreshing native plugins compatible for Editor in 0.52 ms, found 3 plugins.
Preloading 0 native plugins for Editor in 0.00 ms.
Mono: successfully reloaded assembly
- Completed reload, in  1.090 seconds
Domain Reload Profiling:
	ReloadAssembly (1091ms)
		BeginReloadAssembly (125ms)
			ExecutionOrderSort (0ms)
			DisableScriptedObjects (5ms)
			BackupInstance (0ms)
			ReleaseScriptingObjects (0ms)
			CreateAndSetChildDomain (37ms)
		EndReloadAssembly (909ms)
			LoadAssemblies (93ms)
			RebuildTransferFunctionScriptingTraits (0ms)
			SetupTypeCache (355ms)
			ReleaseScriptCaches (1ms)
			RebuildScriptCaches (62ms)
			SetupLoadedEditorAssemblies (289ms)
				LogAssemblyErrors (0ms)
				InitializePlatformSupportModulesInManaged (6ms)
				SetLoadedEditorAssemblies (0ms)
				RefreshPlugins (1ms)
				BeforeProcessingInitializeOnLoad (52ms)
				ProcessInitializeOnLoadAttributes (224ms)
				ProcessInitializeOnLoadMethodAttributes (4ms)
				AfterProcessingInitializeOnLoad (2ms)
				EditorAssembliesLoaded (0ms)
			ExecutionOrderSort2 (0ms)
			AwakeInstancesAfterBackupRestoration (8ms)
Platform modules already initialized, skipping
Switching build target platform(19) subTarget(0) extendedPlatform(0) -> platform(13) subTarget(537395200) extendedPlatform(0)
Refreshing native plugins compatible for Editor in 0.51 ms, found 3 plugins.
Preloading 0 native plugins for Editor in 0.00 ms.
Unloading 2968 Unused Serialized files (Serialized files now loaded: 0)
System memory in use before: 106.3 MB.
System memory in use after: 106.5 MB.

Unloading 15 unused Assets to reduce memory usage. Loaded Objects now: 3425.
Total: 2.972900 ms (FindLiveObjects: 0.198000 ms CreateObjectMapping: 0.138200 ms MarkObjects: 2.620000 ms  DeleteObjects: 0.016000 ms)

AssetImportParameters requested are different than current active one (requested -> active):
  custom:framework-win-MediaFoundation: 216162199b28c13a410421893ffa2e32 -> 
  custom:video-decoder-ogg-theora: a1e56fd34408186e4bbccfd4996cb3dc -> 
  custom:container-muxer-webm: aa71ff27fc2769a1b78a27578f13a17b -> 
  custom:container-demuxer-webm: 4f35f7cbe854078d1ac9338744f61a02 -> 
  custom:container-demuxer-ogg: 62fdf1f143b41e24485cea50d1cbac27 -> 
  custom:video-encoder-webm-vp8: eb34c28f22e8b96e1ab97ce403110664 -> 
  custom:video-decoder-webm-vp8: 9c59270c3fd7afecdb556c50c9e8de78 -> 
  custom:graphics/normal-map-encoding: 01000000000000000000000000000000 -> 02000000000000000000000000000000
  custom:audio-decoder-ogg-vorbis: bf7c407c2cedff20999df2af8eb42d56 -> 
  custom:audio-encoder-webm-vorbis: bf7c407c2cedff20999df2af8eb42d56 -> 
========================================================================
Received Import Request.
  Time since last request: 33.577790 seconds.
  path: Assets/Scripts/StateMachineExample/Reuseable/IState.cs
  artifactKey: Guid(8d75ad1cf56f6e24a8155b349d3fa81b) Importer(815301076,1909f56bfc062723c751e8b465ee728b)
Start importing Assets/Scripts/StateMachineExample/Reuseable/IState.cs using Guid(8d75ad1cf56f6e24a8155b349d3fa81b) Importer(815301076,1909f56bfc062723c751e8b465ee728b)  -> (artifact id: '32969bf8846a144f425b876638498306') in 0.004887 seconds 
========================================================================
Received Import Request.
  Time since last request: 0.887042 seconds.
  path: Assets/Scripts/StateMachineExample/Reuseable/IState.cs
  artifactKey: Guid(8d75ad1cf56f6e24a8155b349d3fa81b) Importer(815301076,1909f56bfc062723c751e8b465ee728b)
Start importing Assets/Scripts/StateMachineExample/Reuseable/IState.cs using Guid(8d75ad1cf56f6e24a8155b349d3fa81b) Importer(815301076,1909f56bfc062723c751e8b465ee728b)  -> (artifact id: 'f88036b0c11993725722f781041d6086') in 0.001990 seconds 
========================================================================
Received Prepare
Registering precompiled user dll's ...
Registered in 0.003462 seconds.
Begin MonoManager ReloadAssembly
Symbol file LoadedFromMemory doesn't match image F:\_UnityCodePatternWorks\CodePatternProject\Library\PackageCache\com.unity.visualscripting@1.6.1\Editor\VisualScripting.Core\Dependencies\YamlDotNet\Unity.VisualScripting.YamlDotNet.dll
Symbol file LoadedFromMemory doesn't match image F:\_UnityCodePatternWorks\CodePatternProject\Library\PackageCache\com.unity.visualscripting@1.6.1\Editor\VisualScripting.Core\Dependencies\DotNetZip\Unity.VisualScripting.IonicZip.dll
Native extension for WindowsStandalone target not found
Native extension for WebGL target not found
Refreshing native plugins compatible for Editor in 0.51 ms, found 3 plugins.
Preloading 0 native plugins for Editor in 0.00 ms.
Mono: successfully reloaded assembly
- Completed reload, in  0.998 seconds
Domain Reload Profiling:
	ReloadAssembly (999ms)
		BeginReloadAssembly (116ms)
			ExecutionOrderSort (0ms)
			DisableScriptedObjects (5ms)
			BackupInstance (0ms)
			ReleaseScriptingObjects (0ms)
			CreateAndSetChildDomain (34ms)
		EndReloadAssembly (830ms)
			LoadAssemblies (84ms)
			RebuildTransferFunctionScriptingTraits (0ms)
			SetupTypeCache (322ms)
			ReleaseScriptCaches (1ms)
			RebuildScriptCaches (44ms)
			SetupLoadedEditorAssemblies (277ms)
				LogAssemblyErrors (0ms)
				InitializePlatformSupportModulesInManaged (5ms)
				SetLoadedEditorAssemblies (0ms)
				RefreshPlugins (1ms)
				BeforeProcessingInitializeOnLoad (50ms)
				ProcessInitializeOnLoadAttributes (215ms)
				ProcessInitializeOnLoadMethodAttributes (4ms)
				AfterProcessingInitializeOnLoad (2ms)
				EditorAssembliesLoaded (0ms)
			ExecutionOrderSort2 (0ms)
			AwakeInstancesAfterBackupRestoration (7ms)
Platform modules already initialized, skipping
Switching build target platform(19) subTarget(0) extendedPlatform(0) -> platform(13) subTarget(537395200) extendedPlatform(0)
Refreshing native plugins compatible for Editor in 0.52 ms, found 3 plugins.
Preloading 0 native plugins for Editor in 0.00 ms.
Unloading 2968 Unused Serialized files (Serialized files now loaded: 0)
System memory in use before: 106.3 MB.
System memory in use after: 106.5 MB.

Unloading 15 unused Assets to reduce memory usage. Loaded Objects now: 3427.
Total: 3.115600 ms (FindLiveObjects: 0.198400 ms CreateObjectMapping: 0.127900 ms MarkObjects: 2.771300 ms  DeleteObjects: 0.017100 ms)

AssetImportParameters requested are different than current active one (requested -> active):
  custom:framework-win-MediaFoundation: 216162199b28c13a410421893ffa2e32 -> 
  custom:video-decoder-ogg-theora: a1e56fd34408186e4bbccfd4996cb3dc -> 
  custom:container-muxer-webm: aa71ff27fc2769a1b78a27578f13a17b -> 
  custom:container-demuxer-webm: 4f35f7cbe854078d1ac9338744f61a02 -> 
  custom:container-demuxer-ogg: 62fdf1f143b41e24485cea50d1cbac27 -> 
  custom:video-encoder-webm-vp8: eb34c28f22e8b96e1ab97ce403110664 -> 
  custom:video-decoder-webm-vp8: 9c59270c3fd7afecdb556c50c9e8de78 -> 
  custom:graphics/normal-map-encoding: 01000000000000000000000000000000 -> 02000000000000000000000000000000
  custom:audio-decoder-ogg-vorbis: bf7c407c2cedff20999df2af8eb42d56 -> 
  custom:audio-encoder-webm-vorbis: bf7c407c2cedff20999df2af8eb42d56 -> 
========================================================================
Received Import Request.
  Time since last request: 31.706955 seconds.
  path: Assets/Scripts/StateMachineExample/Reuseable/StateMachineBase.cs
  artifactKey: Guid(d804011b5ee90264891ffd6e6e3471c9) Importer(815301076,1909f56bfc062723c751e8b465ee728b)
Start importing Assets/Scripts/StateMachineExample/Reuseable/StateMachineBase.cs using Guid(d804011b5ee90264891ffd6e6e3471c9) Importer(815301076,1909f56bfc062723c751e8b465ee728b)  -> (artifact id: 'e93bb49cd73187990302af3824a0576a') in 0.008580 seconds 
========================================================================
Received Prepare
Registering precompiled user dll's ...
Registered in 0.003183 seconds.
Begin MonoManager ReloadAssembly
Symbol file LoadedFromMemory doesn't match image F:\_UnityCodePatternWorks\CodePatternProject\Library\PackageCache\com.unity.visualscripting@1.6.1\Editor\VisualScripting.Core\Dependencies\YamlDotNet\Unity.VisualScripting.YamlDotNet.dll
Symbol file LoadedFromMemory doesn't match image F:\_UnityCodePatternWorks\CodePatternProject\Library\PackageCache\com.unity.visualscripting@1.6.1\Editor\VisualScripting.Core\Dependencies\DotNetZip\Unity.VisualScripting.IonicZip.dll
Native extension for WindowsStandalone target not found
Native extension for WebGL target not found
Refreshing native plugins compatible for Editor in 0.54 ms, found 3 plugins.
Preloading 0 native plugins for Editor in 0.00 ms.
Mono: successfully reloaded assembly
- Completed reload, in  1.067 seconds
Domain Reload Profiling:
	ReloadAssembly (1068ms)
		BeginReloadAssembly (115ms)
			ExecutionOrderSort (0ms)
			DisableScriptedObjects (5ms)
			BackupInstance (0ms)
			ReleaseScriptingObjects (0ms)
			CreateAndSetChildDomain (34ms)
		EndReloadAssembly (903ms)
			LoadAssemblies (90ms)
			RebuildTransferFunctionScriptingTraits (0ms)
			SetupTypeCache (378ms)
			ReleaseScriptCaches (1ms)
			RebuildScriptCaches (46ms)
			SetupLoadedEditorAssemblies (278ms)
				LogAssemblyErrors (0ms)
				InitializePlatformSupportModulesInManaged (5ms)
				SetLoadedEditorAssemblies (0ms)
				RefreshPlugins (1ms)
				BeforeProcessingInitializeOnLoad (53ms)
				ProcessInitializeOnLoadAttributes (213ms)
				ProcessInitializeOnLoadMethodAttributes (4ms)
				AfterProcessingInitializeOnLoad (2ms)
				EditorAssembliesLoaded (0ms)
			ExecutionOrderSort2 (0ms)
			AwakeInstancesAfterBackupRestoration (7ms)
Platform modules already initialized, skipping
Switching build target platform(19) subTarget(0) extendedPlatform(0) -> platform(13) subTarget(537395200) extendedPlatform(0)
Refreshing native plugins compatible for Editor in 0.51 ms, found 3 plugins.
Preloading 0 native plugins for Editor in 0.00 ms.
Unloading 2969 Unused Serialized files (Serialized files now loaded: 0)
System memory in use before: 106.3 MB.
System memory in use after: 106.5 MB.

Unloading 15 unused Assets to reduce memory usage. Loaded Objects now: 3430.
Total: 3.199400 ms (FindLiveObjects: 0.201400 ms CreateObjectMapping: 0.135200 ms MarkObjects: 2.843800 ms  DeleteObjects: 0.018200 ms)

AssetImportParameters requested are different than current active one (requested -> active):
  custom:framework-win-MediaFoundation: 216162199b28c13a410421893ffa2e32 -> 
  custom:video-decoder-ogg-theora: a1e56fd34408186e4bbccfd4996cb3dc -> 
  custom:container-muxer-webm: aa71ff27fc2769a1b78a27578f13a17b -> 
  custom:container-demuxer-webm: 4f35f7cbe854078d1ac9338744f61a02 -> 
  custom:container-demuxer-ogg: 62fdf1f143b41e24485cea50d1cbac27 -> 
  custom:video-encoder-webm-vp8: eb34c28f22e8b96e1ab97ce403110664 -> 
  custom:video-decoder-webm-vp8: 9c59270c3fd7afecdb556c50c9e8de78 -> 
  custom:graphics/normal-map-encoding: 01000000000000000000000000000000 -> 02000000000000000000000000000000
  custom:audio-decoder-ogg-vorbis: bf7c407c2cedff20999df2af8eb42d56 -> 
  custom:audio-encoder-webm-vorbis: bf7c407c2cedff20999df2af8eb42d56 -> 
========================================================================
Received Import Request.
  Time since last request: 41.951479 seconds.
  path: Assets/Scripts/StateMachineExample/Reuseable/StateMachineBase.cs
  artifactKey: Guid(d804011b5ee90264891ffd6e6e3471c9) Importer(815301076,1909f56bfc062723c751e8b465ee728b)
Start importing Assets/Scripts/StateMachineExample/Reuseable/StateMachineBase.cs using Guid(d804011b5ee90264891ffd6e6e3471c9) Importer(815301076,1909f56bfc062723c751e8b465ee728b)  -> (artifact id: '8d01cbea6b4b2c3b8f350b025db00b3f') in 0.005120 seconds 
========================================================================
Received Import Request.
  Time since last request: 53.059079 seconds.
  path: Assets/Scripts/StateMachineExample/Reuseable/StateMachineBase.cs
  artifactKey: Guid(d804011b5ee90264891ffd6e6e3471c9) Importer(815301076,1909f56bfc062723c751e8b465ee728b)
Start importing Assets/Scripts/StateMachineExample/Reuseable/StateMachineBase.cs using Guid(d804011b5ee90264891ffd6e6e3471c9) Importer(815301076,1909f56bfc062723c751e8b465ee728b)  -> (artifact id: '98d3a7764d76feca8c754eda768d68d3') in 0.003061 seconds 
========================================================================
Received Import Request.
  Time since last request: 22.354581 seconds.
  path: Assets/Scripts/StateMachineExample/Reuseable/StateMachineBase.cs
  artifactKey: Guid(d804011b5ee90264891ffd6e6e3471c9) Importer(815301076,1909f56bfc062723c751e8b465ee728b)
Start importing Assets/Scripts/StateMachineExample/Reuseable/StateMachineBase.cs using Guid(d804011b5ee90264891ffd6e6e3471c9) Importer(815301076,1909f56bfc062723c751e8b465ee728b)  -> (artifact id: 'fbcae779089698fa91d1542c78a2bae5') in 0.003089 seconds 
========================================================================
Received Import Request.
  Time since last request: 15.866140 seconds.
  path: Assets/Scripts/StateMachineExample/Reuseable/StateMachineBase.cs
  artifactKey: Guid(d804011b5ee90264891ffd6e6e3471c9) Importer(815301076,1909f56bfc062723c751e8b465ee728b)
Start importing Assets/Scripts/StateMachineExample/Reuseable/StateMachineBase.cs using Guid(d804011b5ee90264891ffd6e6e3471c9) Importer(815301076,1909f56bfc062723c751e8b465ee728b)  -> (artifact id: '6334fafdd2af8c15936a2ce72156ac77') in 0.002923 seconds 
========================================================================
Received Import Request.
  Time since last request: 18.009021 seconds.
  path: Assets/Scripts/StateMachineExample/Reuseable/StateMachineBase.cs
  artifactKey: Guid(d804011b5ee90264891ffd6e6e3471c9) Importer(815301076,1909f56bfc062723c751e8b465ee728b)
Start importing Assets/Scripts/StateMachineExample/Reuseable/StateMachineBase.cs using Guid(d804011b5ee90264891ffd6e6e3471c9) Importer(815301076,1909f56bfc062723c751e8b465ee728b)  -> (artifact id: '449b7441e3c6f50581e9752a4a1d7610') in 0.003174 seconds 
========================================================================
Received Import Request.
  Time since last request: 24.631329 seconds.
  path: Assets/Scripts/StateMachineExample/Reuseable/StateMachineBase.cs
  artifactKey: Guid(d804011b5ee90264891ffd6e6e3471c9) Importer(815301076,1909f56bfc062723c751e8b465ee728b)
Start importing Assets/Scripts/StateMachineExample/Reuseable/StateMachineBase.cs using Guid(d804011b5ee90264891ffd6e6e3471c9) Importer(815301076,1909f56bfc062723c751e8b465ee728b)  -> (artifact id: 'f55705a1dc9b824ae40e24cf0ebfd633') in 0.001786 seconds 
========================================================================
Received Import Request.
  Time since last request: 12.065210 seconds.
  path: Assets/Scripts/StateMachineExample/Reuseable/StateMachineBase.cs
  artifactKey: Guid(d804011b5ee90264891ffd6e6e3471c9) Importer(815301076,1909f56bfc062723c751e8b465ee728b)
Start importing Assets/Scripts/StateMachineExample/Reuseable/StateMachineBase.cs using Guid(d804011b5ee90264891ffd6e6e3471c9) Importer(815301076,1909f56bfc062723c751e8b465ee728b)  -> (artifact id: 'f8769be35728e9a522929f6abb8993fe') in 0.011096 seconds 
========================================================================
Received Import Request.
  Time since last request: 31.860478 seconds.
  path: Assets/Scripts/StateMachineExample/Reuseable/StateMachineBase.cs
  artifactKey: Guid(d804011b5ee90264891ffd6e6e3471c9) Importer(815301076,1909f56bfc062723c751e8b465ee728b)
Start importing Assets/Scripts/StateMachineExample/Reuseable/StateMachineBase.cs using Guid(d804011b5ee90264891ffd6e6e3471c9) Importer(815301076,1909f56bfc062723c751e8b465ee728b)  -> (artifact id: 'ba38c594f091c54b56f83bf352769426') in 0.003269 seconds 
========================================================================
Received Import Request.
  Time since last request: 18.903113 seconds.
  path: Assets/Scripts/StateMachineExample/Reuseable/StateMachineBase.cs
  artifactKey: Guid(d804011b5ee90264891ffd6e6e3471c9) Importer(815301076,1909f56bfc062723c751e8b465ee728b)
Start importing Assets/Scripts/StateMachineExample/Reuseable/StateMachineBase.cs using Guid(d804011b5ee90264891ffd6e6e3471c9) Importer(815301076,1909f56bfc062723c751e8b465ee728b)  -> (artifact id: 'a9bc5d8e9cdeaf7efa6b375e3c9b2e49') in 0.002055 seconds 
========================================================================
Received Import Request.
  Time since last request: 12.970038 seconds.
  path: Assets/Scripts/StateMachineExample/Reuseable/StateMachineBase.cs
  artifactKey: Guid(d804011b5ee90264891ffd6e6e3471c9) Importer(815301076,1909f56bfc062723c751e8b465ee728b)
Start importing Assets/Scripts/StateMachineExample/Reuseable/StateMachineBase.cs using Guid(d804011b5ee90264891ffd6e6e3471c9) Importer(815301076,1909f56bfc062723c751e8b465ee728b)  -> (artifact id: '5f4e88a2cbb8b4660e7069beaf93a371') in 0.003664 seconds 
========================================================================
Received Import Request.
  Time since last request: 38.335584 seconds.
  path: Assets/Scripts/StateMachineExample/Reuseable/StateMachineBase.cs
  artifactKey: Guid(d804011b5ee90264891ffd6e6e3471c9) Importer(815301076,1909f56bfc062723c751e8b465ee728b)
Start importing Assets/Scripts/StateMachineExample/Reuseable/StateMachineBase.cs using Guid(d804011b5ee90264891ffd6e6e3471c9) Importer(815301076,1909f56bfc062723c751e8b465ee728b)  -> (artifact id: '38892152f61bbb43517516a1b9cb59ba') in 0.003572 seconds 
========================================================================
Received Import Request.
  Time since last request: 31.269667 seconds.
  path: Assets/Scripts/StateMachineExample/Reuseable/StateMachineBase.cs
  artifactKey: Guid(d804011b5ee90264891ffd6e6e3471c9) Importer(815301076,1909f56bfc062723c751e8b465ee728b)
Start importing Assets/Scripts/StateMachineExample/Reuseable/StateMachineBase.cs using Guid(d804011b5ee90264891ffd6e6e3471c9) Importer(815301076,1909f56bfc062723c751e8b465ee728b)  -> (artifact id: '0fe97c896aa95732ab847ad1a8759cad') in 0.003302 seconds 
========================================================================
Received Import Request.
  Time since last request: 344.112037 seconds.
  path: Assets/Scripts/StateMachineExample
  artifactKey: Guid(26ff04f31bd75ca4788d910637222b3f) Importer(815301076,1909f56bfc062723c751e8b465ee728b)
Start importing Assets/Scripts/StateMachineExample using Guid(26ff04f31bd75ca4788d910637222b3f) Importer(815301076,1909f56bfc062723c751e8b465ee728b)  -> (artifact id: 'dfa724100abe0cfb7e1958eba9287de5') in 0.241040 seconds 
========================================================================
Received Import Request.
  Time since last request: 2.628358 seconds.
  path: Assets/Scripts/StateMachineExample/States
  artifactKey: Guid(e403a6818b48fbb439810b3bbc5bcada) Importer(815301076,1909f56bfc062723c751e8b465ee728b)
Start importing Assets/Scripts/StateMachineExample/States using Guid(e403a6818b48fbb439810b3bbc5bcada) Importer(815301076,1909f56bfc062723c751e8b465ee728b)  -> (artifact id: '47bb568c7a2b2ead57998867ffe6a6a0') in 0.005662 seconds 
========================================================================
Received Import Request.
  Time since last request: 12.329389 seconds.
  path: Assets/Scripts/StateMachineExample/States/IdleState.cs
  artifactKey: Guid(add7132648930cc4db1427415568d4b0) Importer(815301076,1909f56bfc062723c751e8b465ee728b)
Start importing Assets/Scripts/StateMachineExample/States/IdleState.cs using Guid(add7132648930cc4db1427415568d4b0) Importer(815301076,1909f56bfc062723c751e8b465ee728b)  -> (artifact id: 'dd78190dc9db4cb1ccdbffa1ec38187e') in 0.006985 seconds 
========================================================================
Received Import Request.
  Time since last request: 10.308592 seconds.
  path: Assets/Scripts/StateMachineExample/States/SearchState.cs
  artifactKey: Guid(41d71a20c9c5ed147b88cf910db80857) Importer(815301076,1909f56bfc062723c751e8b465ee728b)
Start importing Assets/Scripts/StateMachineExample/States/SearchState.cs using Guid(41d71a20c9c5ed147b88cf910db80857) Importer(815301076,1909f56bfc062723c751e8b465ee728b)  -> (artifact id: 'c85e2b57dbf3429ac74b9405da9c600b') in 0.007867 seconds 
========================================================================
Received Import Request.
  Time since last request: 9.270299 seconds.
  path: Assets/Scripts/StateMachineExample/States/FoundState.cs
  artifactKey: Guid(cb557befc427d704aabf8a82fc675911) Importer(815301076,1909f56bfc062723c751e8b465ee728b)
Start importing Assets/Scripts/StateMachineExample/States/FoundState.cs using Guid(cb557befc427d704aabf8a82fc675911) Importer(815301076,1909f56bfc062723c751e8b465ee728b)  -> (artifact id: '86161635ea94d83fae4c9d6036bac05a') in 0.008350 seconds 
========================================================================
Received Import Request.
  Time since last request: 17.259076 seconds.
  path: Assets/Scripts/StateMachineExample/PlayerStateManager.cs
  artifactKey: Guid(0f6b51d0df44317479f34831914189f2) Importer(815301076,1909f56bfc062723c751e8b465ee728b)
Start importing Assets/Scripts/StateMachineExample/PlayerStateManager.cs using Guid(0f6b51d0df44317479f34831914189f2) Importer(815301076,1909f56bfc062723c751e8b465ee728b)  -> (artifact id: '06bbc3871f7d51b3faca9eddd6438f91') in 0.005268 seconds 
========================================================================
Received Import Request.
  Time since last request: 32.626570 seconds.
  path: Assets/Scripts/StateMachineExample/PlayerStates
  artifactKey: Guid(e403a6818b48fbb439810b3bbc5bcada) Importer(815301076,1909f56bfc062723c751e8b465ee728b)
Start importing Assets/Scripts/StateMachineExample/PlayerStates using Guid(e403a6818b48fbb439810b3bbc5bcada) Importer(815301076,1909f56bfc062723c751e8b465ee728b)  -> (artifact id: '86a9f467551abba337d077cd8e0cf8ab') in 0.005012 seconds 
========================================================================
Received Import Request.
  Time since last request: 23.079097 seconds.
  path: Assets/Scripts/StateMachineExample/PlayerStates/PlayerStateManager.cs
  artifactKey: Guid(0f6b51d0df44317479f34831914189f2) Importer(815301076,1909f56bfc062723c751e8b465ee728b)
Start importing Assets/Scripts/StateMachineExample/PlayerStates/PlayerStateManager.cs using Guid(0f6b51d0df44317479f34831914189f2) Importer(815301076,1909f56bfc062723c751e8b465ee728b)  -> (artifact id: '2289dac24a3033cde59b56f915fa37ca') in 0.001834 seconds 
========================================================================
Received Import Request.
  Time since last request: 89.743320 seconds.
  path: Assets/Scripts/StateMachineExample/PlayerStates/PlayerStateManager.cs
  artifactKey: Guid(0f6b51d0df44317479f34831914189f2) Importer(815301076,1909f56bfc062723c751e8b465ee728b)
Start importing Assets/Scripts/StateMachineExample/PlayerStates/PlayerStateManager.cs using Guid(0f6b51d0df44317479f34831914189f2) Importer(815301076,1909f56bfc062723c751e8b465ee728b)  -> (artifact id: '44f255b24d52eea5ccda86a95436753f') in 0.001903 seconds 
========================================================================
Received Import Request.
  Time since last request: 10.379352 seconds.
  path: Assets/Scripts/StateMachineExample/PlayerStates/PlayerStateManager.cs
  artifactKey: Guid(0f6b51d0df44317479f34831914189f2) Importer(815301076,1909f56bfc062723c751e8b465ee728b)
Start importing Assets/Scripts/StateMachineExample/PlayerStates/PlayerStateManager.cs using Guid(0f6b51d0df44317479f34831914189f2) Importer(815301076,1909f56bfc062723c751e8b465ee728b)  -> (artifact id: 'd2d1437ae93f52d30a103977bccf5965') in 0.002058 seconds 
========================================================================
Received Import Request.
  Time since last request: 15.471981 seconds.
  path: Assets/Scripts/StateMachineExample/PlayerStates/PlayerStateManager.cs
  artifactKey: Guid(0f6b51d0df44317479f34831914189f2) Importer(815301076,1909f56bfc062723c751e8b465ee728b)
Start importing Assets/Scripts/StateMachineExample/PlayerStates/PlayerStateManager.cs using Guid(0f6b51d0df44317479f34831914189f2) Importer(815301076,1909f56bfc062723c751e8b465ee728b)  -> (artifact id: '4a41faffcd9a842340203e74bc23b3df') in 0.001973 seconds 
========================================================================
Received Import Request.
  Time since last request: 7.291125 seconds.
  path: Assets/Scripts/StateMachineExample/PlayerStates/PlayerStateManager.cs
  artifactKey: Guid(0f6b51d0df44317479f34831914189f2) Importer(815301076,1909f56bfc062723c751e8b465ee728b)
Start importing Assets/Scripts/StateMachineExample/PlayerStates/PlayerStateManager.cs using Guid(0f6b51d0df44317479f34831914189f2) Importer(815301076,1909f56bfc062723c751e8b465ee728b)  -> (artifact id: '9218b8b24b115c71dc0195f0c2ba7f25') in 0.002247 seconds 
========================================================================
Received Import Request.
  Time since last request: 19.157688 seconds.
  path: Assets/Scripts/StateMachineExample/PlayerStates/PlayerStateManager.cs
  artifactKey: Guid(0f6b51d0df44317479f34831914189f2) Importer(815301076,1909f56bfc062723c751e8b465ee728b)
Start importing Assets/Scripts/StateMachineExample/PlayerStates/PlayerStateManager.cs using Guid(0f6b51d0df44317479f34831914189f2) Importer(815301076,1909f56bfc062723c751e8b465ee728b)  -> (artifact id: '4ee9f9677551466de1f26f85fd743cc1') in 0.002740 seconds 
========================================================================
Received Import Request.
  Time since last request: 3.494304 seconds.
  path: Assets/Scripts/StateMachineExample/PlayerStates/PlayerStateManager.cs
  artifactKey: Guid(0f6b51d0df44317479f34831914189f2) Importer(815301076,1909f56bfc062723c751e8b465ee728b)
Start importing Assets/Scripts/StateMachineExample/PlayerStates/PlayerStateManager.cs using Guid(0f6b51d0df44317479f34831914189f2) Importer(815301076,1909f56bfc062723c751e8b465ee728b)  -> (artifact id: '4d2bbc65c2778ec67bf83f3d528a6128') in 0.002611 seconds 
========================================================================
Received Import Request.
  Time since last request: 74.601154 seconds.
  path: Assets/Scripts/StateMachineExample/PlayerStates/PlayerStateManager.cs
  artifactKey: Guid(0f6b51d0df44317479f34831914189f2) Importer(815301076,1909f56bfc062723c751e8b465ee728b)
Start importing Assets/Scripts/StateMachineExample/PlayerStates/PlayerStateManager.cs using Guid(0f6b51d0df44317479f34831914189f2) Importer(815301076,1909f56bfc062723c751e8b465ee728b)  -> (artifact id: '0dcc04718cb74eaa1b28822cf9e5d1bd') in 0.002341 seconds 
========================================================================
Received Import Request.
  Time since last request: 5.331777 seconds.
  path: Assets/Scripts/StateMachineExample/PlayerStates/PlayerStateManager.cs
  artifactKey: Guid(0f6b51d0df44317479f34831914189f2) Importer(815301076,1909f56bfc062723c751e8b465ee728b)
Start importing Assets/Scripts/StateMachineExample/PlayerStates/PlayerStateManager.cs using Guid(0f6b51d0df44317479f34831914189f2) Importer(815301076,1909f56bfc062723c751e8b465ee728b)  -> (artifact id: '0132858a1d8de3fc34297e8e22bd41a6') in 0.002499 seconds 
========================================================================
Received Import Request.
  Time since last request: 29.731986 seconds.
  path: Assets/Scripts/StateMachineExample/PlayerStates/PlayerStateManager.cs
  artifactKey: Guid(0f6b51d0df44317479f34831914189f2) Importer(815301076,1909f56bfc062723c751e8b465ee728b)
Start importing Assets/Scripts/StateMachineExample/PlayerStates/PlayerStateManager.cs using Guid(0f6b51d0df44317479f34831914189f2) Importer(815301076,1909f56bfc062723c751e8b465ee728b)  -> (artifact id: 'f3e8aa88454ce6d5b3c5b27ee42e4777') in 0.001798 seconds 
========================================================================
Received Import Request.
  Time since last request: 236.539460 seconds.
  path: Assets/Scripts/StateMachineExample/PlayerStates/TargetAssigner.cs
  artifactKey: Guid(3e769a011c2f24a4397003cf3ae36dc4) Importer(815301076,1909f56bfc062723c751e8b465ee728b)
Start importing Assets/Scripts/StateMachineExample/PlayerStates/TargetAssigner.cs using Guid(3e769a011c2f24a4397003cf3ae36dc4) Importer(815301076,1909f56bfc062723c751e8b465ee728b)  -> (artifact id: 'bb424087437344ea00938ad718b265cd') in 0.005971 seconds 
========================================================================
Received Import Request.
  Time since last request: 559.467205 seconds.
  path: Assets/Scripts/StateMachineExample/PlayerStates/TargetAssigner.cs
  artifactKey: Guid(3e769a011c2f24a4397003cf3ae36dc4) Importer(815301076,1909f56bfc062723c751e8b465ee728b)
Start importing Assets/Scripts/StateMachineExample/PlayerStates/TargetAssigner.cs using Guid(3e769a011c2f24a4397003cf3ae36dc4) Importer(815301076,1909f56bfc062723c751e8b465ee728b)  -> (artifact id: '32736285b519234727c42b5c9c212fab') in 0.001609 seconds 
========================================================================
Received Import Request.
  Time since last request: 2.474656 seconds.
  path: Assets/Scripts/StateMachineExample/PlayerStates/TargetAssigner.cs
  artifactKey: Guid(3e769a011c2f24a4397003cf3ae36dc4) Importer(815301076,1909f56bfc062723c751e8b465ee728b)
Start importing Assets/Scripts/StateMachineExample/PlayerStates/TargetAssigner.cs using Guid(3e769a011c2f24a4397003cf3ae36dc4) Importer(815301076,1909f56bfc062723c751e8b465ee728b)  -> (artifact id: 'd321e8e762baa5ae670f6c32cac0a08e') in 0.002155 seconds 
========================================================================
Received Import Request.
  Time since last request: 1.001671 seconds.
  path: Assets/Scripts/StateMachineExample/PlayerStates/TargetAssigner.cs
  artifactKey: Guid(3e769a011c2f24a4397003cf3ae36dc4) Importer(815301076,1909f56bfc062723c751e8b465ee728b)
Start importing Assets/Scripts/StateMachineExample/PlayerStates/TargetAssigner.cs using Guid(3e769a011c2f24a4397003cf3ae36dc4) Importer(815301076,1909f56bfc062723c751e8b465ee728b)  -> (artifact id: 'c379e006c61c16a0ed12b972e8b7caf6') in 0.001768 seconds 
========================================================================
Received Prepare
Registering precompiled user dll's ...
Registered in 0.059102 seconds.
Begin MonoManager ReloadAssembly
Symbol file LoadedFromMemory doesn't match image F:\_UnityCodePatternWorks\CodePatternProject\Library\PackageCache\com.unity.visualscripting@1.6.1\Editor\VisualScripting.Core\Dependencies\YamlDotNet\Unity.VisualScripting.YamlDotNet.dll
Symbol file LoadedFromMemory doesn't match image F:\_UnityCodePatternWorks\CodePatternProject\Library\PackageCache\com.unity.visualscripting@1.6.1\Editor\VisualScripting.Core\Dependencies\DotNetZip\Unity.VisualScripting.IonicZip.dll
Native extension for WindowsStandalone target not found
Native extension for WebGL target not found
Refreshing native plugins compatible for Editor in 0.53 ms, found 3 plugins.
Preloading 0 native plugins for Editor in 0.00 ms.
Mono: successfully reloaded assembly
- Completed reload, in  1.076 seconds
Domain Reload Profiling:
	ReloadAssembly (1077ms)
		BeginReloadAssembly (137ms)
			ExecutionOrderSort (0ms)
			DisableScriptedObjects (7ms)
			BackupInstance (0ms)
			ReleaseScriptingObjects (0ms)
			CreateAndSetChildDomain (46ms)
		EndReloadAssembly (886ms)
			LoadAssemblies (91ms)
			RebuildTransferFunctionScriptingTraits (0ms)
			SetupTypeCache (337ms)
			ReleaseScriptCaches (1ms)
			RebuildScriptCaches (44ms)
			SetupLoadedEditorAssemblies (298ms)
				LogAssemblyErrors (0ms)
				InitializePlatformSupportModulesInManaged (5ms)
				SetLoadedEditorAssemblies (0ms)
				RefreshPlugins (1ms)
				BeforeProcessingInitializeOnLoad (51ms)
				ProcessInitializeOnLoadAttributes (234ms)
				ProcessInitializeOnLoadMethodAttributes (4ms)
				AfterProcessingInitializeOnLoad (3ms)
				EditorAssembliesLoaded (0ms)
			ExecutionOrderSort2 (0ms)
			AwakeInstancesAfterBackupRestoration (7ms)
Platform modules already initialized, skipping
Switching build target platform(19) subTarget(0) extendedPlatform(0) -> platform(13) subTarget(537395200) extendedPlatform(0)
Refreshing native plugins compatible for Editor in 0.50 ms, found 3 plugins.
Preloading 0 native plugins for Editor in 0.00 ms.
Unloading 2974 Unused Serialized files (Serialized files now loaded: 0)
System memory in use before: 106.4 MB.
System memory in use after: 106.6 MB.

Unloading 15 unused Assets to reduce memory usage. Loaded Objects now: 3437.
Total: 2.940600 ms (FindLiveObjects: 0.197600 ms CreateObjectMapping: 0.125400 ms MarkObjects: 2.593400 ms  DeleteObjects: 0.022700 ms)

AssetImportParameters requested are different than current active one (requested -> active):
  custom:framework-win-MediaFoundation: 216162199b28c13a410421893ffa2e32 -> 
  custom:video-decoder-ogg-theora: a1e56fd34408186e4bbccfd4996cb3dc -> 
  custom:container-muxer-webm: aa71ff27fc2769a1b78a27578f13a17b -> 
  custom:container-demuxer-webm: 4f35f7cbe854078d1ac9338744f61a02 -> 
  custom:container-demuxer-ogg: 62fdf1f143b41e24485cea50d1cbac27 -> 
  custom:video-encoder-webm-vp8: eb34c28f22e8b96e1ab97ce403110664 -> 
  custom:video-decoder-webm-vp8: 9c59270c3fd7afecdb556c50c9e8de78 -> 
  custom:graphics/normal-map-encoding: 01000000000000000000000000000000 -> 02000000000000000000000000000000
  custom:audio-decoder-ogg-vorbis: bf7c407c2cedff20999df2af8eb42d56 -> 
  custom:audio-encoder-webm-vorbis: bf7c407c2cedff20999df2af8eb42d56 -> 
========================================================================
Received Prepare
Registering precompiled user dll's ...
Registered in 0.003041 seconds.
Begin MonoManager ReloadAssembly
Symbol file LoadedFromMemory doesn't match image F:\_UnityCodePatternWorks\CodePatternProject\Library\PackageCache\com.unity.visualscripting@1.6.1\Editor\VisualScripting.Core\Dependencies\YamlDotNet\Unity.VisualScripting.YamlDotNet.dll
Symbol file LoadedFromMemory doesn't match image F:\_UnityCodePatternWorks\CodePatternProject\Library\PackageCache\com.unity.visualscripting@1.6.1\Editor\VisualScripting.Core\Dependencies\DotNetZip\Unity.VisualScripting.IonicZip.dll
Native extension for WindowsStandalone target not found
Native extension for WebGL target not found
Refreshing native plugins compatible for Editor in 0.58 ms, found 3 plugins.
Preloading 0 native plugins for Editor in 0.00 ms.
Mono: successfully reloaded assembly
- Completed reload, in  1.029 seconds
Domain Reload Profiling:
	ReloadAssembly (1029ms)
		BeginReloadAssembly (122ms)
			ExecutionOrderSort (0ms)
			DisableScriptedObjects (5ms)
			BackupInstance (0ms)
			ReleaseScriptingObjects (0ms)
			CreateAndSetChildDomain (35ms)
		EndReloadAssembly (854ms)
			LoadAssemblies (87ms)
			RebuildTransferFunctionScriptingTraits (0ms)
			SetupTypeCache (323ms)
			ReleaseScriptCaches (1ms)
			RebuildScriptCaches (45ms)
			SetupLoadedEditorAssemblies (289ms)
				LogAssemblyErrors (0ms)
				InitializePlatformSupportModulesInManaged (6ms)
				SetLoadedEditorAssemblies (0ms)
				RefreshPlugins (1ms)
				BeforeProcessingInitializeOnLoad (54ms)
				ProcessInitializeOnLoadAttributes (222ms)
				ProcessInitializeOnLoadMethodAttributes (4ms)
				AfterProcessingInitializeOnLoad (2ms)
				EditorAssembliesLoaded (0ms)
			ExecutionOrderSort2 (0ms)
			AwakeInstancesAfterBackupRestoration (7ms)
Platform modules already initialized, skipping
Switching build target platform(19) subTarget(0) extendedPlatform(0) -> platform(13) subTarget(537395200) extendedPlatform(0)
Refreshing native plugins compatible for Editor in 0.48 ms, found 3 plugins.
Preloading 0 native plugins for Editor in 0.00 ms.
Unloading 2974 Unused Serialized files (Serialized files now loaded: 0)
System memory in use before: 106.4 MB.
System memory in use after: 106.6 MB.

Unloading 15 unused Assets to reduce memory usage. Loaded Objects now: 3439.
Total: 3.693100 ms (FindLiveObjects: 0.197200 ms CreateObjectMapping: 0.137500 ms MarkObjects: 3.337800 ms  DeleteObjects: 0.019700 ms)

AssetImportParameters requested are different than current active one (requested -> active):
  custom:framework-win-MediaFoundation: 216162199b28c13a410421893ffa2e32 -> 
  custom:video-decoder-ogg-theora: a1e56fd34408186e4bbccfd4996cb3dc -> 
  custom:container-muxer-webm: aa71ff27fc2769a1b78a27578f13a17b -> 
  custom:container-demuxer-webm: 4f35f7cbe854078d1ac9338744f61a02 -> 
  custom:container-demuxer-ogg: 62fdf1f143b41e24485cea50d1cbac27 -> 
  custom:video-encoder-webm-vp8: eb34c28f22e8b96e1ab97ce403110664 -> 
  custom:video-decoder-webm-vp8: 9c59270c3fd7afecdb556c50c9e8de78 -> 
  custom:graphics/normal-map-encoding: 01000000000000000000000000000000 -> 02000000000000000000000000000000
  custom:audio-decoder-ogg-vorbis: bf7c407c2cedff20999df2af8eb42d56 -> 
  custom:audio-encoder-webm-vorbis: bf7c407c2cedff20999df2af8eb42d56 -> 
========================================================================
Received Prepare
Registering precompiled user dll's ...
Registered in 0.003135 seconds.
Begin MonoManager ReloadAssembly
Symbol file LoadedFromMemory doesn't match image F:\_UnityCodePatternWorks\CodePatternProject\Library\PackageCache\com.unity.visualscripting@1.6.1\Editor\VisualScripting.Core\Dependencies\YamlDotNet\Unity.VisualScripting.YamlDotNet.dll
Symbol file LoadedFromMemory doesn't match image F:\_UnityCodePatternWorks\CodePatternProject\Library\PackageCache\com.unity.visualscripting@1.6.1\Editor\VisualScripting.Core\Dependencies\DotNetZip\Unity.VisualScripting.IonicZip.dll
Native extension for WindowsStandalone target not found
Native extension for WebGL target not found
Refreshing native plugins compatible for Editor in 0.55 ms, found 3 plugins.
Preloading 0 native plugins for Editor in 0.00 ms.
Mono: successfully reloaded assembly
- Completed reload, in  1.049 seconds
Domain Reload Profiling:
	ReloadAssembly (1050ms)
		BeginReloadAssembly (114ms)
			ExecutionOrderSort (0ms)
			DisableScriptedObjects (5ms)
			BackupInstance (0ms)
			ReleaseScriptingObjects (0ms)
			CreateAndSetChildDomain (34ms)
		EndReloadAssembly (883ms)
			LoadAssemblies (87ms)
			RebuildTransferFunctionScriptingTraits (0ms)
			SetupTypeCache (325ms)
			ReleaseScriptCaches (2ms)
			RebuildScriptCaches (49ms)
			SetupLoadedEditorAssemblies (297ms)
				LogAssemblyErrors (0ms)
				InitializePlatformSupportModulesInManaged (6ms)
				SetLoadedEditorAssemblies (1ms)
				RefreshPlugins (1ms)
				BeforeProcessingInitializeOnLoad (51ms)
				ProcessInitializeOnLoadAttributes (232ms)
				ProcessInitializeOnLoadMethodAttributes (4ms)
				AfterProcessingInitializeOnLoad (2ms)
				EditorAssembliesLoaded (0ms)
			ExecutionOrderSort2 (0ms)
			AwakeInstancesAfterBackupRestoration (7ms)
Platform modules already initialized, skipping
Switching build target platform(19) subTarget(0) extendedPlatform(0) -> platform(13) subTarget(537395200) extendedPlatform(0)
Refreshing native plugins compatible for Editor in 0.53 ms, found 3 plugins.
Preloading 0 native plugins for Editor in 0.00 ms.
Unloading 2974 Unused Serialized files (Serialized files now loaded: 0)
System memory in use before: 106.4 MB.
System memory in use after: 106.7 MB.

Unloading 15 unused Assets to reduce memory usage. Loaded Objects now: 3441.
Total: 3.023900 ms (FindLiveObjects: 0.212500 ms CreateObjectMapping: 0.143100 ms MarkObjects: 2.649900 ms  DeleteObjects: 0.017600 ms)

AssetImportParameters requested are different than current active one (requested -> active):
  custom:framework-win-MediaFoundation: 216162199b28c13a410421893ffa2e32 -> 
  custom:video-decoder-ogg-theora: a1e56fd34408186e4bbccfd4996cb3dc -> 
  custom:container-muxer-webm: aa71ff27fc2769a1b78a27578f13a17b -> 
  custom:container-demuxer-webm: 4f35f7cbe854078d1ac9338744f61a02 -> 
  custom:container-demuxer-ogg: 62fdf1f143b41e24485cea50d1cbac27 -> 
  custom:video-encoder-webm-vp8: eb34c28f22e8b96e1ab97ce403110664 -> 
  custom:video-decoder-webm-vp8: 9c59270c3fd7afecdb556c50c9e8de78 -> 
  custom:graphics/normal-map-encoding: 01000000000000000000000000000000 -> 02000000000000000000000000000000
  custom:audio-decoder-ogg-vorbis: bf7c407c2cedff20999df2af8eb42d56 -> 
  custom:audio-encoder-webm-vorbis: bf7c407c2cedff20999df2af8eb42d56 -> 
========================================================================
Received Prepare
Registering precompiled user dll's ...
Registered in 0.003062 seconds.
Begin MonoManager ReloadAssembly
Symbol file LoadedFromMemory doesn't match image F:\_UnityCodePatternWorks\CodePatternProject\Library\PackageCache\com.unity.visualscripting@1.6.1\Editor\VisualScripting.Core\Dependencies\YamlDotNet\Unity.VisualScripting.YamlDotNet.dll
Symbol file LoadedFromMemory doesn't match image F:\_UnityCodePatternWorks\CodePatternProject\Library\PackageCache\com.unity.visualscripting@1.6.1\Editor\VisualScripting.Core\Dependencies\DotNetZip\Unity.VisualScripting.IonicZip.dll
Native extension for WindowsStandalone target not found
Native extension for WebGL target not found
Refreshing native plugins compatible for Editor in 0.55 ms, found 3 plugins.
Preloading 0 native plugins for Editor in 0.00 ms.
Mono: successfully reloaded assembly
- Completed reload, in  1.060 seconds
Domain Reload Profiling:
	ReloadAssembly (1060ms)
		BeginReloadAssembly (134ms)
			ExecutionOrderSort (0ms)
			DisableScriptedObjects (5ms)
			BackupInstance (0ms)
			ReleaseScriptingObjects (0ms)
			CreateAndSetChildDomain (37ms)
		EndReloadAssembly (869ms)
			LoadAssemblies (100ms)
			RebuildTransferFunctionScriptingTraits (0ms)
			SetupTypeCache (324ms)
			ReleaseScriptCaches (1ms)
			RebuildScriptCaches (50ms)
			SetupLoadedEditorAssemblies (288ms)
				LogAssemblyErrors (0ms)
				InitializePlatformSupportModulesInManaged (6ms)
				SetLoadedEditorAssemblies (0ms)
				RefreshPlugins (1ms)
				BeforeProcessingInitializeOnLoad (54ms)
				ProcessInitializeOnLoadAttributes (221ms)
				ProcessInitializeOnLoadMethodAttributes (4ms)
				AfterProcessingInitializeOnLoad (2ms)
				EditorAssembliesLoaded (0ms)
			ExecutionOrderSort2 (0ms)
			AwakeInstancesAfterBackupRestoration (7ms)
Platform modules already initialized, skipping
Switching build target platform(19) subTarget(0) extendedPlatform(0) -> platform(13) subTarget(537395200) extendedPlatform(0)
Refreshing native plugins compatible for Editor in 0.50 ms, found 3 plugins.
Preloading 0 native plugins for Editor in 0.00 ms.
Unloading 2974 Unused Serialized files (Serialized files now loaded: 0)
System memory in use before: 106.4 MB.
System memory in use after: 106.7 MB.

Unloading 15 unused Assets to reduce memory usage. Loaded Objects now: 3443.
Total: 2.666400 ms (FindLiveObjects: 0.198500 ms CreateObjectMapping: 0.122100 ms MarkObjects: 2.329300 ms  DeleteObjects: 0.015000 ms)

AssetImportParameters requested are different than current active one (requested -> active):
  custom:framework-win-MediaFoundation: 216162199b28c13a410421893ffa2e32 -> 
  custom:video-decoder-ogg-theora: a1e56fd34408186e4bbccfd4996cb3dc -> 
  custom:container-muxer-webm: aa71ff27fc2769a1b78a27578f13a17b -> 
  custom:container-demuxer-webm: 4f35f7cbe854078d1ac9338744f61a02 -> 
  custom:container-demuxer-ogg: 62fdf1f143b41e24485cea50d1cbac27 -> 
  custom:video-encoder-webm-vp8: eb34c28f22e8b96e1ab97ce403110664 -> 
  custom:video-decoder-webm-vp8: 9c59270c3fd7afecdb556c50c9e8de78 -> 
  custom:graphics/normal-map-encoding: 01000000000000000000000000000000 -> 02000000000000000000000000000000
  custom:audio-decoder-ogg-vorbis: bf7c407c2cedff20999df2af8eb42d56 -> 
  custom:audio-encoder-webm-vorbis: bf7c407c2cedff20999df2af8eb42d56 -> 
AssetImportWorkerClient::OnTransportError - code=2 error=End of file
